<?xml version="1.0" encoding="UTF-8"?>
<testsuite name="dio.junit.one.PessoaTest" tests="1" skipped="0" failures="0" errors="0" timestamp="2022-11-12T20:28:53" hostname="RODOLFO-PC" time="0.27">
  <properties/>
  <testcase name="validarCalculoIdade()" classname="dio.junit.one.PessoaTest" time="0.27"/>
  <system-out><![CDATA[]]></system-out>
  <system-err><![CDATA[]]></system-err>
</testsuite>
